<?xml version="1.0" encoding="UTF-8"?>
<!-- Generated by org.testng.reporters.JUnitXMLReporter -->
<testsuite ignored="1" hostname="LAPTOP-QSDV5758" failures="0" tests="2" name="Default test" time="9.195" errors="0" timestamp="2025-08-03T10:58:54 IST">
  <testcase classname="com.accenture.pageexecution.LoginExecution" name="validLogin" time="5.789"/>
  <testcase classname="com.accenture.pageexecution.LoginExecution" name="validLogin" time="3.341"/>
  <testcase classname="com.accenture.pageexecution.LoginExecution" name="invalidLogin" time="0.0">
    <ignored/>
  </testcase> <!-- invalidLogin -->
</testsuite> <!-- Default test -->
