<?xml version="1.0" encoding="UTF-8"?>
<testng-results ignored="0" total="2" passed="2" failed="0" skipped="0">
  <reporter-output>
  </reporter-output>
  <suite started-at="2025-08-03T10:58:45 IST" name="Default suite" finished-at="2025-08-03T10:58:54 IST" duration-ms="9195">
    <groups>
    </groups>
    <test started-at="2025-08-03T10:58:45 IST" name="Default test" finished-at="2025-08-03T10:58:54 IST" duration-ms="9195">
      <class name="com.accenture.pageexecution.LoginExecution">
        <test-method is-config="true" signature="before()[pri:0, instance:com.accenture.pageexecution.LoginExecution@7dcf94f8]" started-at="2025-08-03T10:58:45 IST" name="before" finished-at="2025-08-03T10:58:45 IST" duration-ms="13" status="PASS">
          <reporter-output>
          </reporter-output>
        </test-method> <!-- before -->
        <test-method signature="validLogin()[pri:0, instance:com.accenture.pageexecution.LoginExecution@7dcf94f8]" started-at="2025-08-03T10:58:45 IST" name="validLogin" description="This method is to test valid login" finished-at="2025-08-03T10:58:51 IST" duration-ms="5789" status="PASS">
          <reporter-output>
          </reporter-output>
        </test-method> <!-- validLogin -->
        <test-method signature="validLogin()[pri:0, instance:com.accenture.pageexecution.LoginExecution@7dcf94f8]" started-at="2025-08-03T10:58:51 IST" name="validLogin" description="This method is to test valid login" finished-at="2025-08-03T10:58:54 IST" duration-ms="3341" status="PASS">
          <reporter-output>
          </reporter-output>
        </test-method> <!-- validLogin -->
        <test-method is-config="true" signature="after()[pri:0, instance:com.accenture.pageexecution.LoginExecution@7dcf94f8]" started-at="2025-08-03T10:58:54 IST" name="after" finished-at="2025-08-03T10:58:54 IST" duration-ms="2" status="PASS">
          <reporter-output>
          </reporter-output>
        </test-method> <!-- after -->
      </class> <!-- com.accenture.pageexecution.LoginExecution -->
    </test> <!-- Default test -->
  </suite> <!-- Default suite -->
</testng-results>
