<?xml version="1.0" encoding="UTF-8"?>
<!-- Generated by org.testng.reporters.JUnitReportReporter -->
<testsuite hostname="LAPTOP-QSDV5758" failures="0" tests="3" name="com.accenture.pageexecution.BookingExecution" time="8.854" errors="0" timestamp="2025-08-03T10:54:35 IST" skipped="1">
  <testcase classname="com.accenture.pageexecution.BookingExecution" name="validLogin" time="5.598"/>
  <testcase classname="com.accenture.pageexecution.BookingExecution" name="booking" time="3.256"/>
  <testcase classname="com.accenture.pageexecution.BookingExecution" name="invalidLogin">
    <skipped/>
  </testcase> <!-- invalidLogin -->
</testsuite> <!-- com.accenture.pageexecution.BookingExecution -->
