<?xml version="1.0" encoding="UTF-8"?>
<!-- Generated by org.testng.reporters.JUnitReportReporter -->
<testsuite hostname="LAPTOP-QSDV5758" failures="0" tests="3" name="com.accenture.pageexecution.LoginExecution" time="9.130" errors="0" timestamp="2025-08-03T10:58:55 IST" skipped="1">
  <testcase classname="com.accenture.pageexecution.LoginExecution" name="validLogin" time="3.341"/>
  <testcase classname="com.accenture.pageexecution.LoginExecution" name="validLogin" time="5.789"/>
  <testcase classname="com.accenture.pageexecution.LoginExecution" name="invalidLogin">
    <skipped/>
  </testcase> <!-- invalidLogin -->
</testsuite> <!-- com.accenture.pageexecution.LoginExecution -->
